Arguments: 
  /usr/local/bin/node /usr/local/Cellar/yarn/1.9.4/libexec/bin/yarn.js install

PATH: 
  /usr/local/bin:/usr/bin:/bin:/usr/sbin:/sbin

Yarn version: 
  1.9.4

Node version: 
  8.11.3

Platform: 
  darwin x64

Trace: 
  Error: EACCES: permission denied, unlink '/Users/vskalozub/Projects/React-From-Scratch/node_modules/es6-error/CHANGELOG.md'

npm manifest: 
  {
    "name": "react-from-scratch",
    "version": "1.0.0",
    "description": "",
    "main": "index.js",
    "scripts": {
      "start": "webpack-dev-server --mode development --hot",
      "build": "webpack --mode production",
      "flow": "flow"
    },
    "keywords": [],
    "author": "Skalozub",
    "license": "ISC",
    "devDependencies": {
      "babel-cli": "^6.26.0",
      "babel-core": "^6.26.3",
      "babel-loader": "^7.1.5",
      "babel-plugin-module-resolver": "^3.1.1",
      "babel-plugin-transform-decorators-legacy": "^1.3.5",
      "babel-preset-env": "^1.7.0",
      "babel-preset-flow": "^6.23.0",
      "babel-preset-react": "^6.24.1",
      "babel-preset-stage-0": "^6.24.1",
      "css-loader": "^1.0.0",
      "eslint": "^5.3.0",
      "eslint-config-airbnb-base": "^13.0.0",
      "eslint-plugin-import": "^2.13.0",
      "eslint-plugin-react": "^7.10.0",
      "flow-bin": "^0.77.0",
      "html-webpack-plugin": "^3.2.0",
      "node-sass": "^4.9.2",
      "prettier": "1.13.7",
      "sass-loader": "^7.0.3",
      "style-loader": "^0.21.0",
      "webpack": "^4.16.0",
      "webpack-cli": "^3.0.8",
      "webpack-dev-server": "^3.1.4"
    },
    "dependencies": {
      "@material-ui/core": "^1.5.0",
      "autoprefixer": "^9.1.1",
      "babel-eslint": "^8.2.6",
      "babel-plugin-react-transform": "^3.0.0",
      "babel-polyfill": "^6.26.0",
      "babel-preset-es2015": "^6.24.1",
      "bootstrap": "^4.1.2",
      "classnames": "^2.2.6",
      "css-hot-loader": "^1.4.0",
      "extract-text-webpack-plugin": "^4.0.0-beta.0",
      "lodash": "^4.17.10",
      "material-ui": "^0.20.2",
      "postcss": "^6.0.23",
      "postcss-loader": "^3.0.0",
      "precss": "^3.1.2",
      "prop-types": "^15.6.2",
      "react": "^16.4.1",
      "react-dom": "^16.4.1",
      "react-redux": "^5.0.7",
      "redux": "^4.0.0",
      "redux-form": "^7.4.2",
      "redux-form-material-ui": "^4.3.4",
      "redux-logger": "^3.0.6"
    }
  }

yarn manifest: 
  No manifest

Lockfile: 
  No lockfile
